
=== Simulating Sim4: n=1000, p=6 (fixed seed=42) ===
  H: 1000 x 115
  REML init (shared): rho=0.1672  sigma2=0.4980  tau2=0.1521

####################################################
# B1 Default  [IG(2,1) | IG(2,0.3) | IG(1,0.005) | rho~logN(log0.2,1)]
####################################################
  iter 1000/10000  rho=0.1322  sigma2=0.3380  tau2=0.1463  tau2_s=0.005,0.001,0.002,0.005,0.009,0.002
  iter 2000/10000  rho=0.2097  sigma2=0.7543  tau2=0.1449  tau2_s=0.009,0.004,0.002,0.013,0.002,0.002
  iter 3000/10000  rho=0.1288  sigma2=0.3342  tau2=0.1471  tau2_s=0.002,0.003,0.001,0.006,0.001,0.006
  iter 4000/10000  rho=0.1474  sigma2=0.3962  tau2=0.1593  tau2_s=0.007,0.002,0.002,0.008,0.001,0.002
  iter 5000/10000  rho=0.1540  sigma2=0.4504  tau2=0.1502  tau2_s=0.005,0.012,0.002,0.015,0.001,0.002
  iter 6000/10000  rho=0.1372  sigma2=0.3212  tau2=0.1472  tau2_s=0.006,0.011,0.002,0.014,0.002,0.002
  iter 7000/10000  rho=0.1444  sigma2=0.3421  tau2=0.1371  tau2_s=0.003,0.005,0.004,0.029,0.002,0.011
  iter 8000/10000  rho=0.1524  sigma2=0.3432  tau2=0.1556  tau2_s=0.005,0.003,0.006,0.024,0.002,0.002
  iter 9000/10000  rho=0.1907  sigma2=0.6811  tau2=0.1528  tau2_s=0.005,0.002,0.002,0.017,0.001,0.006
  iter 10000/10000  rho=0.1414  sigma2=0.5325  tau2=0.1351  tau2_s=0.011,0.001,0.004,0.012,0.002,0.001
  MH acceptance: sigma2=0.572  tau2=0.196  rho=0.484
  sigma2=0.5256 [0.2348,1.2171]  true=0.80
  tau2  =0.1500 [0.1367,0.1650]  true=0.15
  rho   =0.1687 [0.1124,0.2577]  true=0.20
  b_cor =0.9840  time=21700s
  MH accept: sigma2=0.572  tau2=0.196  rho=0.484
  tau2_s:
      X1       X2       X3       X4       X5       X6 
0.005789 0.002533 0.002164 0.011366 0.002375 0.002749 
  Curve coverage:
  var rmse_curve band_coverage
1  X1    0.08161        0.7426
2  X2    0.03241        1.0000
3  X3    0.04841        1.0000
4  X4    0.03624        1.0000
5  X5    0.02332        1.0000
6  X6    0.02553        1.0000

####################################################
# B2 Smooth-tight  [IG(2,0.01) on tau2_s]
####################################################
  iter 1000/10000  rho=0.1949  sigma2=0.7161  tau2=0.1527  tau2_s=0.006,0.004,0.003,0.015,0.004,0.003
  iter 2000/10000  rho=0.2133  sigma2=0.4601  tau2=0.1638  tau2_s=0.003,0.002,0.003,0.005,0.004,0.009
  iter 3000/10000  rho=0.1229  sigma2=0.2312  tau2=0.1549  tau2_s=0.005,0.004,0.001,0.010,0.003,0.008
  iter 4000/10000  rho=0.1340  sigma2=0.4420  tau2=0.1454  tau2_s=0.004,0.003,0.002,0.003,0.004,0.003
  iter 5000/10000  rho=0.1515  sigma2=0.2854  tau2=0.1604  tau2_s=0.005,0.002,0.003,0.004,0.004,0.002
  iter 6000/10000  rho=0.2075  sigma2=0.5290  tau2=0.1527  tau2_s=0.007,0.003,0.003,0.013,0.002,0.002
  iter 7000/10000  rho=0.2126  sigma2=1.0724  tau2=0.1496  tau2_s=0.005,0.002,0.002,0.004,0.001,0.002
  iter 8000/10000  rho=0.2199  sigma2=0.7102  tau2=0.1483  tau2_s=0.003,0.005,0.003,0.013,0.002,0.003
  iter 9000/10000  rho=0.1867  sigma2=0.3850  tau2=0.1504  tau2_s=0.005,0.003,0.006,0.008,0.002,0.001
slurmstepd: error: *** JOB 12660870 ON c048 CANCELLED AT 2026-03-06T04:06:45 DUE TO TIME LIMIT ***
