
=== Simulating Sim4: n=1000, p=6 (fixed seed=42) ===
  H: 1000 x 115
  REML init (shared): rho=0.1672  sigma2=0.4980  tau2=0.1521

####################################################
# B1 Default  [IG(2,1) | IG(2,0.3) | IG(1,0.005) | rho~logN(log0.2,1)]
####################################################
  iter 1000/10000  rho=0.1322  sigma2=0.3380  tau2=0.1463  tau2_s=0.005,0.001,0.002,0.005,0.009,0.002
  iter 2000/10000  rho=0.2097  sigma2=0.7543  tau2=0.1449  tau2_s=0.009,0.004,0.002,0.013,0.002,0.002
  iter 3000/10000  rho=0.1288  sigma2=0.3342  tau2=0.1471  tau2_s=0.002,0.003,0.001,0.006,0.001,0.006
  iter 4000/10000  rho=0.1474  sigma2=0.3962  tau2=0.1593  tau2_s=0.007,0.002,0.002,0.008,0.001,0.002
  iter 5000/10000  rho=0.1540  sigma2=0.4504  tau2=0.1502  tau2_s=0.005,0.012,0.002,0.015,0.001,0.002
  iter 6000/10000  rho=0.1372  sigma2=0.3212  tau2=0.1472  tau2_s=0.006,0.011,0.002,0.014,0.002,0.002
  iter 7000/10000  rho=0.1444  sigma2=0.3421  tau2=0.1371  tau2_s=0.003,0.005,0.004,0.029,0.002,0.011
  iter 8000/10000  rho=0.1524  sigma2=0.3432  tau2=0.1556  tau2_s=0.005,0.003,0.006,0.024,0.002,0.002
  iter 9000/10000  rho=0.1907  sigma2=0.6811  tau2=0.1528  tau2_s=0.005,0.002,0.002,0.017,0.001,0.006
  iter 10000/10000  rho=0.1414  sigma2=0.5325  tau2=0.1351  tau2_s=0.011,0.001,0.004,0.012,0.002,0.001
  MH acceptance: sigma2=0.572  tau2=0.196  rho=0.484
  sigma2=0.5256 [0.2348,1.2171]  true=0.80
  tau2  =0.1500 [0.1367,0.1650]  true=0.15
  rho   =0.1687 [0.1124,0.2577]  true=0.20
  b_cor =0.9840  time=22236s
  MH accept: sigma2=0.572  tau2=0.196  rho=0.484
  tau2_s:
      X1       X2       X3       X4       X5       X6 
0.005789 0.002533 0.002164 0.011366 0.002375 0.002749 
  Curve coverage:
  var rmse_curve band_coverage
1  X1    0.08161        0.7426
2  X2    0.03241        1.0000
3  X3    0.04841        1.0000
4  X4    0.03624        1.0000
5  X5    0.02332        1.0000
6  X6    0.02553        1.0000

####################################################
# B2 Smooth-tight  [IG(2,0.01) on tau2_s]
####################################################
  iter 1000/10000  rho=0.1949  sigma2=0.7161  tau2=0.1527  tau2_s=0.006,0.004,0.003,0.015,0.004,0.003
  iter 2000/10000  rho=0.2133  sigma2=0.4601  tau2=0.1638  tau2_s=0.003,0.002,0.003,0.005,0.004,0.009
  iter 3000/10000  rho=0.1229  sigma2=0.2312  tau2=0.1549  tau2_s=0.005,0.004,0.001,0.010,0.003,0.008
  iter 4000/10000  rho=0.1340  sigma2=0.4420  tau2=0.1454  tau2_s=0.004,0.003,0.002,0.003,0.004,0.003
  iter 5000/10000  rho=0.1515  sigma2=0.2854  tau2=0.1604  tau2_s=0.005,0.002,0.003,0.004,0.004,0.002
  iter 6000/10000  rho=0.2075  sigma2=0.5290  tau2=0.1527  tau2_s=0.007,0.003,0.003,0.013,0.002,0.002
  iter 7000/10000  rho=0.2126  sigma2=1.0724  tau2=0.1496  tau2_s=0.005,0.002,0.002,0.004,0.001,0.002
  iter 8000/10000  rho=0.2199  sigma2=0.7102  tau2=0.1483  tau2_s=0.003,0.005,0.003,0.013,0.002,0.003
  iter 9000/10000  rho=0.1867  sigma2=0.3850  tau2=0.1504  tau2_s=0.005,0.003,0.006,0.008,0.002,0.001
  iter 10000/10000  rho=0.1785  sigma2=0.5425  tau2=0.1443  tau2_s=0.004,0.003,0.008,0.019,0.002,0.004
  MH acceptance: sigma2=0.580  tau2=0.195  rho=0.476
  sigma2=0.5033 [0.2471,1.0710]  true=0.80
  tau2  =0.1499 [0.1352,0.1649]  true=0.15
  rho   =0.1661 [0.1154,0.2429]  true=0.20
  b_cor =0.9840  time=22210s
  MH accept: sigma2=0.580  tau2=0.195  rho=0.476
  tau2_s:
      X1       X2       X3       X4       X5       X6 
0.005614 0.003104 0.002873 0.009546 0.003017 0.003455 
  Curve coverage:
  var rmse_curve band_coverage
1  X1    0.08145        0.7426
2  X2    0.03349        1.0000
3  X3    0.04916        1.0000
4  X4    0.03552        1.0000
5  X5    0.02423        1.0000
6  X6    0.02728        1.0000

####################################################
# B3 Smooth-loose  [IG(0.5,0.001) on tau2_s]
####################################################
  iter 1000/10000  rho=0.1564  sigma2=0.4513  tau2=0.1504  tau2_s=0.004,0.001,0.001,0.005,0.001,0.001
  iter 2000/10000  rho=0.1310  sigma2=0.3340  tau2=0.1504  tau2_s=0.003,0.001,0.001,0.009,0.002,0.000
  iter 3000/10000  rho=0.1238  sigma2=0.3291  tau2=0.1420  tau2_s=0.003,0.001,0.001,0.006,0.001,0.001
  iter 4000/10000  rho=0.1360  sigma2=0.4492  tau2=0.1457  tau2_s=0.005,0.000,0.002,0.002,0.000,0.001
  iter 5000/10000  rho=0.1068  sigma2=0.2650  tau2=0.1540  tau2_s=0.008,0.001,0.000,0.002,0.000,0.001
  iter 6000/10000  rho=0.1265  sigma2=0.3824  tau2=0.1557  tau2_s=0.011,0.001,0.000,0.006,0.001,0.000
  iter 7000/10000  rho=0.1445  sigma2=0.3547  tau2=0.1561  tau2_s=0.005,0.001,0.001,0.011,0.000,0.000
  iter 8000/10000  rho=0.1503  sigma2=0.5399  tau2=0.1361  tau2_s=0.003,0.000,0.000,0.006,0.002,0.001
  iter 9000/10000  rho=0.1783  sigma2=0.4210  tau2=0.1455  tau2_s=0.006,0.001,0.000,0.011,0.001,0.000
  iter 10000/10000  rho=0.1758  sigma2=0.6953  tau2=0.1444  tau2_s=0.003,0.001,0.001,0.006,0.003,0.001
  MH acceptance: sigma2=0.576  tau2=0.195  rho=0.482
  sigma2=0.4682 [0.2352,0.9199]  true=0.80
  tau2  =0.1498 [0.1358,0.1654]  true=0.15
  rho   =0.1606 [0.1122,0.2254]  true=0.20
  b_cor =0.9841  time=22185s
  MH accept: sigma2=0.576  tau2=0.195  rho=0.482
  tau2_s:
      X1       X2       X3       X4       X5       X6 
0.005363 0.001079 0.000852 0.011770 0.000884 0.001044 
  Curve coverage:
  var rmse_curve band_coverage
1  X1    0.08108        0.7426
2  X2    0.02769        1.0000
3  X3    0.04806        1.0000
4  X4    0.03626        1.0000
5  X5    0.01915        1.0000
6  X6    0.02132        1.0000

####################################################
# B4 Var-diffuse  [IG(1,0.5) sigma2 | IG(1,0.1) tau2]
####################################################
  iter 1000/10000  rho=0.1589  sigma2=0.5367  tau2=0.1419  tau2_s=0.006,0.004,0.002,0.024,0.002,0.002
  iter 2000/10000  rho=0.1562  sigma2=0.2915  tau2=0.1573  tau2_s=0.003,0.002,0.001,0.004,0.002,0.006
  iter 3000/10000  rho=0.1293  sigma2=0.3524  tau2=0.1415  tau2_s=0.002,0.002,0.002,0.011,0.002,0.004
  iter 4000/10000  rho=0.1225  sigma2=0.2849  tau2=0.1486  tau2_s=0.006,0.002,0.002,0.019,0.003,0.001
  iter 5000/10000  rho=0.1089  sigma2=0.3444  tau2=0.1410  tau2_s=0.004,0.002,0.002,0.005,0.001,0.001
  iter 6000/10000  rho=0.1873  sigma2=0.6390  tau2=0.1541  tau2_s=0.004,0.003,0.001,0.009,0.001,0.002
  iter 7000/10000  rho=0.2065  sigma2=0.7393  tau2=0.1506  tau2_s=0.006,0.002,0.003,0.012,0.001,0.003
  iter 8000/10000  rho=0.0970  sigma2=0.3571  tau2=0.1418  tau2_s=0.010,0.002,0.002,0.020,0.003,0.002
  iter 9000/10000  rho=0.1386  sigma2=0.2980  tau2=0.1454  tau2_s=0.009,0.001,0.001,0.010,0.003,0.003
  iter 10000/10000  rho=0.1041  sigma2=0.2339  tau2=0.1419  tau2_s=0.006,0.004,0.001,0.010,0.007,0.009
  MH acceptance: sigma2=0.579  tau2=0.188  rho=0.472
  sigma2=0.4774 [0.2224,1.0569]  true=0.80
  tau2  =0.1496 [0.1356,0.1640]  true=0.15
  rho   =0.1612 [0.1093,0.2349]  true=0.20
  b_cor =0.9840  time=22545s
  MH accept: sigma2=0.579  tau2=0.188  rho=0.472
  tau2_s:
      X1       X2       X3       X4       X5       X6 
0.005817 0.002557 0.002197 0.011423 0.002392 0.002705 
  Curve coverage:
  var rmse_curve band_coverage
1  X1    0.08121        0.7327
2  X2    0.03268        1.0000
3  X3    0.04862        1.0000
4  X4    0.03678        1.0000
5  X5    0.02304        1.0000
6  X6    0.02552        1.0000

####################################################
# B5 Rho-misspec  [log(rho)~N(log0.5,1), prior mean rho=0.5]
####################################################
  iter 1000/10000  rho=0.1267  sigma2=0.3340  tau2=0.1588  tau2_s=0.004,0.003,0.003,0.006,0.003,0.002
  iter 2000/10000  rho=0.1897  sigma2=0.4737  tau2=0.1486  tau2_s=0.004,0.003,0.002,0.004,0.002,0.007
  iter 3000/10000  rho=0.1642  sigma2=0.5269  tau2=0.1586  tau2_s=0.007,0.001,0.002,0.021,0.004,0.001
  iter 4000/10000  rho=0.1799  sigma2=0.5928  tau2=0.1393  tau2_s=0.005,0.002,0.004,0.005,0.002,0.002
  iter 5000/10000  rho=0.1396  sigma2=0.3344  tau2=0.1468  tau2_s=0.006,0.001,0.002,0.006,0.007,0.001
  iter 6000/10000  rho=0.1414  sigma2=0.3387  tau2=0.1651  tau2_s=0.004,0.002,0.003,0.009,0.002,0.002
  iter 7000/10000  rho=0.2185  sigma2=0.5238  tau2=0.1577  tau2_s=0.003,0.002,0.001,0.012,0.001,0.003
  iter 8000/10000  rho=0.1761  sigma2=0.4782  tau2=0.1545  tau2_s=0.006,0.001,0.004,0.011,0.001,0.001
  iter 9000/10000  rho=0.2080  sigma2=0.5643  tau2=0.1562  tau2_s=0.003,0.005,0.002,0.007,0.001,0.001
  iter 10000/10000  rho=0.1534  sigma2=0.3107  tau2=0.1526  tau2_s=0.006,0.002,0.002,0.012,0.001,0.002
  MH acceptance: sigma2=0.579  tau2=0.195  rho=0.487
  sigma2=0.5188 [0.2303,1.1360]  true=0.80
  tau2  =0.1497 [0.1361,0.1651]  true=0.15
  rho   =0.1690 [0.1126,0.2530]  true=0.20
  b_cor =0.9840  time=21586s
  MH accept: sigma2=0.579  tau2=0.195  rho=0.487
  tau2_s:
      X1       X2       X3       X4       X5       X6 
0.005786 0.002632 0.002150 0.011304 0.002330 0.002728 
  Curve coverage:
  var rmse_curve band_coverage
1  X1    0.08147        0.7525
2  X2    0.03258        1.0000
3  X3    0.04851        1.0000
4  X4    0.03645        1.0000
5  X5    0.02315        1.0000
6  X6    0.02594        1.0000


####################################################
# PRIOR SENSITIVITY SUMMARY  (Sim4, n=1000)
####################################################

--- Variance recovery (posterior means) ---
Bundle                  sigma2      tau2       rho     b_cor
----------------------------------------------------------------- 
B1_default              0.5256    0.1500    0.1687    0.9840
B2_smooth_tight         0.5033    0.1499    0.1661    0.9840
B3_smooth_loose         0.4682    0.1498    0.1606    0.9841
B4_var_diffuse          0.4774    0.1496    0.1612    0.9840
B5_rho_misspec          0.5188    0.1497    0.1690    0.9840
TRUE                    0.8000    0.1500    0.2000

--- Smoothing variances tau2_s (mean over posterior) ---
Bundle                      X1        X2        X3        X4        X5        X6
-------------------------------------------------------------------------------- 
B1_default             0.00579   0.00253   0.00216   0.01137   0.00238   0.00275
B2_smooth_tight        0.00561   0.00310   0.00287   0.00955   0.00302   0.00346
B3_smooth_loose        0.00536   0.00108   0.00085   0.01177   0.00088   0.00104
B4_var_diffuse         0.00582   0.00256   0.00220   0.01142   0.00239   0.00270
B5_rho_misspec         0.00579   0.00263   0.00215   0.01130   0.00233   0.00273
  (X1-X4 = real, X5-X6 = garbage, truth f5=f6=0)

--- Curve RMSE ---
Bundle                    X1      X2      X3      X4      X5      X6
-------------------------------------------------------------------- 
B1_default            0.0816  0.0324  0.0484  0.0362  0.0233  0.0255
B2_smooth_tight       0.0814  0.0335  0.0492  0.0355  0.0242  0.0273
B3_smooth_loose       0.0811  0.0277  0.0481  0.0363  0.0192  0.0213
B4_var_diffuse        0.0812  0.0327  0.0486  0.0368  0.0230  0.0255
B5_rho_misspec        0.0815  0.0326  0.0485  0.0364  0.0232  0.0259

--- 95% band coverage (nominal = 0.95) ---
Bundle                    X1      X2      X3      X4      X5      X6
-------------------------------------------------------------------- 
B1_default             0.743   1.000   1.000   1.000   1.000   1.000
B2_smooth_tight        0.743   1.000   1.000   1.000   1.000   1.000
B3_smooth_loose        0.743   1.000   1.000   1.000   1.000   1.000
B4_var_diffuse         0.733   1.000   1.000   1.000   1.000   1.000
B5_rho_misspec         0.752   1.000   1.000   1.000   1.000   1.000

--- Timing ---
  B1_default            22236 seconds
  B2_smooth_tight       22210 seconds
  B3_smooth_loose       22185 seconds
  B4_var_diffuse        22545 seconds
  B5_rho_misspec        21586 seconds
null device 
          1 

Rho comparison trace: bayes_out/priorsens_rho_comparison.pdf
Saved: bayes_out/priorsens_sim4_n1000_summary.csv

All outputs in bayes_out/:
  priorsens_B*_marginals.pdf  (one per bundle)
  priorsens_rho_comparison.pdf
  priorsens_sim4_n1000_summary.csv
