

####################################################
# Sim3  n=400
####################################################

  --- sim3_n400  n=400  p=4 ---
  iter 1000/10000  rho=0.1462  sigma2=0.5032  tau2=0.1412  tau2_s=0.004,0.001,0.003,0.025
  iter 2000/10000  rho=0.1319  sigma2=0.1760  tau2=0.1337  tau2_s=0.012,0.003,0.002,0.004
  iter 3000/10000  rho=0.1142  sigma2=0.2269  tau2=0.1259  tau2_s=0.006,0.004,0.003,0.005
  iter 4000/10000  rho=0.0885  sigma2=0.1767  tau2=0.1390  tau2_s=0.008,0.002,0.002,0.005
  iter 5000/10000  rho=0.0867  sigma2=0.2039  tau2=0.1430  tau2_s=0.003,0.003,0.005,0.007
  iter 6000/10000  rho=0.1251  sigma2=0.2020  tau2=0.1566  tau2_s=0.009,0.014,0.001,0.015
  iter 7000/10000  rho=0.1518  sigma2=0.2496  tau2=0.1439  tau2_s=0.010,0.004,0.001,0.023
  iter 8000/10000  rho=0.1778  sigma2=0.5901  tau2=0.1242  tau2_s=0.012,0.004,0.002,0.016
  iter 9000/10000  rho=0.1402  sigma2=0.3340  tau2=0.1455  tau2_s=0.003,0.013,0.008,0.011
  iter 10000/10000  rho=0.1073  sigma2=0.1641  tau2=0.1396  tau2_s=0.008,0.005,0.002,0.010
  MH acceptance: sigma2=0.485  tau2=0.300  rho=0.519
    sigma2=0.3155  tau2=0.1450  rho=0.1455  b_cor=0.9364  time=1815s
    MH accept: sigma2=0.485  tau2=0.300  rho=0.519
    Curve metrics:
  var rmse_curve band_coverage
1  X1    0.08164        0.9604
2  X2    0.07565        0.9703
3  X3    0.06688        1.0000
4  X4    0.06242        1.0000


####################################################
# Sim3  n=1000
####################################################

  --- sim3_n1000  n=1000  p=4 ---
  iter 1000/10000  rho=0.2257  sigma2=1.3444  tau2=0.1448  tau2_s=0.008,0.005,0.002,0.010
  iter 2000/10000  rho=0.1927  sigma2=0.7273  tau2=0.1463  tau2_s=0.009,0.003,0.005,0.003
  iter 3000/10000  rho=0.1468  sigma2=0.4432  tau2=0.1445  tau2_s=0.009,0.002,0.002,0.009
  iter 4000/10000  rho=0.1893  sigma2=0.9097  tau2=0.1365  tau2_s=0.008,0.002,0.002,0.004
  iter 5000/10000  rho=0.1643  sigma2=0.6689  tau2=0.1447  tau2_s=0.007,0.004,0.001,0.004
  iter 6000/10000  rho=0.1631  sigma2=0.7565  tau2=0.1489  tau2_s=0.005,0.002,0.002,0.008
  iter 7000/10000  rho=0.2094  sigma2=0.9426  tau2=0.1500  tau2_s=0.003,0.002,0.002,0.007
  iter 8000/10000  rho=0.1470  sigma2=0.6027  tau2=0.1559  tau2_s=0.006,0.003,0.001,0.008
  iter 9000/10000  rho=0.1535  sigma2=0.4312  tau2=0.1488  tau2_s=0.006,0.003,0.002,0.005
  iter 10000/10000  rho=0.1588  sigma2=0.4295  tau2=0.1526  tau2_s=0.005,0.002,0.001,0.016
  MH acceptance: sigma2=0.403  tau2=0.196  rho=0.350
    sigma2=0.7015  tau2=0.1439  rho=0.1712  b_cor=0.9872  time=22952s
    MH accept: sigma2=0.403  tau2=0.196  rho=0.350
    Curve metrics:
  var rmse_curve band_coverage
1  X1    0.07519        0.7129
2  X2    0.04208        1.0000
3  X3    0.03035        1.0000
4  X4    0.02539        1.0000


####################################################
# Sim4_plus  n=400
####################################################

  --- sim4plus_n400  n=400  p=10 ---
  iter 1000/10000  rho=0.2213  sigma2=1.4070  tau2=0.1091  tau2_s=0.009,0.001,0.008,0.003,0.004,0.015,0.001,0.001,0.004,0.014
  iter 2000/10000  rho=0.2040  sigma2=1.4167  tau2=0.1314  tau2_s=0.012,0.001,0.004,0.004,0.002,0.003,0.003,0.001,0.002,0.001
  iter 3000/10000  rho=0.2654  sigma2=1.2956  tau2=0.1380  tau2_s=0.006,0.005,0.003,0.004,0.004,0.002,0.006,0.002,0.001,0.002
  iter 4000/10000  rho=0.1555  sigma2=0.6830  tau2=0.1068  tau2_s=0.005,0.003,0.009,0.007,0.001,0.004,0.002,0.001,0.010,0.003
  iter 5000/10000  rho=0.2033  sigma2=1.1922  tau2=0.0997  tau2_s=0.004,0.007,0.003,0.007,0.008,0.006,0.002,0.001,0.002,0.002
  iter 6000/10000  rho=0.1638  sigma2=0.8593  tau2=0.1227  tau2_s=0.005,0.001,0.003,0.004,0.001,0.003,0.003,0.004,0.002,0.003
  iter 7000/10000  rho=0.2115  sigma2=0.8883  tau2=0.1028  tau2_s=0.009,0.002,0.008,0.004,0.004,0.001,0.003,0.003,0.005,0.002
  iter 8000/10000  rho=0.2489  sigma2=1.6803  tau2=0.1278  tau2_s=0.005,0.003,0.002,0.002,0.003,0.007,0.005,0.002,0.006,0.002
  iter 9000/10000  rho=0.1640  sigma2=0.6900  tau2=0.1170  tau2_s=0.009,0.003,0.004,0.004,0.002,0.002,0.002,0.001,0.005,0.002
  iter 10000/10000  rho=0.2387  sigma2=1.6021  tau2=0.1191  tau2_s=0.007,0.002,0.017,0.014,0.003,0.007,0.002,0.005,0.001,0.001
  MH acceptance: sigma2=0.435  tau2=0.299  rho=0.371
    sigma2=1.1964  tau2=0.1182  rho=0.2103  b_cor=0.9855  time=1946s
    MH accept: sigma2=0.435  tau2=0.299  rho=0.371
    Curve metrics:
   var rmse_curve band_coverage
1   X1    0.08649        0.8911
2   X2    0.06643        1.0000
3   X3    0.08725        0.8515
4   X4    0.11859        0.6733
5   X5    0.08810        0.6535
6   X6    0.02680        1.0000
7   X7    0.05117        1.0000
8   X8    0.05696        0.9307
9   X9    0.04709        1.0000
10 X10    0.02912        1.0000
    tau2_s (garbage = X5+):
     X1      X2      X3      X4      X5      X6      X7      X8      X9     X10 
0.00811 0.00315 0.00511 0.00633 0.00324 0.00347 0.00256 0.00252 0.00289 0.00288 


####################################################
# Sim4_plus  n=1000
####################################################

  --- sim4plus_n1000  n=1000  p=10 ---
  iter 1000/10000  rho=0.2676  sigma2=0.9034  tau2=0.1425  tau2_s=0.005,0.003,0.002,0.010,0.001,0.002,0.002,0.002,0.003,0.003
  iter 2000/10000  rho=0.2672  sigma2=1.0081  tau2=0.1609  tau2_s=0.011,0.003,0.004,0.008,0.002,0.003,0.002,0.002,0.001,0.002
  iter 3000/10000  rho=0.2021  sigma2=0.6008  tau2=0.1457  tau2_s=0.009,0.004,0.006,0.007,0.004,0.001,0.016,0.001,0.004,0.001
  iter 4000/10000  rho=0.2479  sigma2=0.8606  tau2=0.1442  tau2_s=0.006,0.003,0.002,0.005,0.004,0.002,0.002,0.007,0.002,0.002
  iter 5000/10000  rho=0.2265  sigma2=0.5894  tau2=0.1463  tau2_s=0.006,0.005,0.001,0.003,0.002,0.002,0.001,0.003,0.007,0.005
  iter 6000/10000  rho=0.2330  sigma2=0.8538  tau2=0.1345  tau2_s=0.007,0.001,0.002,0.003,0.001,0.001,0.002,0.001,0.001,0.001
  iter 7000/10000  rho=0.1904  sigma2=0.5130  tau2=0.1564  tau2_s=0.006,0.003,0.002,0.003,0.001,0.001,0.003,0.001,0.002,0.001
slurmstepd: error: *** JOB 12661006 ON c009 CANCELLED AT 2026-03-06T04:20:52 DUE TO TIME LIMIT ***
