
=== Sim4_plus: n=1000, p=10 (4 real + 6 garbage) ===
  Y range: [0.621, 7.271]  mean=3.782

####################################################
# REML: M=6
####################################################
REML status: 0 
rho_hat    = 0.2750361 
lambda_hat = 0.1423364 
sigma2_hat = 1.079126 
tau2_hat   = 0.1535989 
  REML done in 28.8s
  sigma2=1.0791  tau2=0.1536  rho=0.2750
  REML curve RMSE:
   var    rmse
1   X1 0.26844
2   X2 0.05878
3   X3 0.04319
4   X4 0.05504
5   X5 0.03855
6   X6 0.02441
7   X7 0.03310
8   X8 0.02015
9   X9 0.03052
10 X10 0.04950
null device 
          1 
  Plot: bayes_out/sim4plus_n1000_reml_marginals.pdf

####################################################
# Full Bayes: M=20  n_iter=10000  n_burn=2500
# MH sd: sigma2=0.5  tau2=0.3  rho=0.3
####################################################
  H: 1000 x 191
  Init: rho=0.2750  sigma2=1.0791  tau2=0.1536
  iter 1000/10000  rho=0.2676  sigma2=0.9034  tau2=0.1425  tau2_s=0.005,0.003,0.002,0.010,0.001,0.002,0.002,0.002,0.003,0.003
  iter 2000/10000  rho=0.2672  sigma2=1.0081  tau2=0.1609  tau2_s=0.011,0.003,0.004,0.008,0.002,0.003,0.002,0.002,0.001,0.002
  iter 3000/10000  rho=0.2021  sigma2=0.6008  tau2=0.1457  tau2_s=0.009,0.004,0.006,0.007,0.004,0.001,0.016,0.001,0.004,0.001
  iter 4000/10000  rho=0.2479  sigma2=0.8606  tau2=0.1442  tau2_s=0.006,0.003,0.002,0.005,0.004,0.002,0.002,0.007,0.002,0.002
  iter 5000/10000  rho=0.2265  sigma2=0.5894  tau2=0.1463  tau2_s=0.006,0.005,0.001,0.003,0.002,0.002,0.001,0.003,0.007,0.005
  iter 6000/10000  rho=0.2330  sigma2=0.8538  tau2=0.1345  tau2_s=0.007,0.001,0.002,0.003,0.001,0.001,0.002,0.001,0.001,0.001
  iter 7000/10000  rho=0.1904  sigma2=0.5130  tau2=0.1564  tau2_s=0.006,0.003,0.002,0.003,0.001,0.001,0.003,0.001,0.002,0.001
  iter 8000/10000  rho=0.2006  sigma2=0.5865  tau2=0.1485  tau2_s=0.010,0.002,0.003,0.005,0.002,0.003,0.002,0.003,0.008,0.002
  iter 9000/10000  rho=0.1713  sigma2=0.3944  tau2=0.1483  tau2_s=0.006,0.004,0.004,0.027,0.002,0.004,0.004,0.005,0.002,0.003
  iter 10000/10000  rho=0.2019  sigma2=0.6169  tau2=0.1505  tau2_s=0.010,0.002,0.003,0.004,0.003,0.002,0.001,0.002,0.002,0.001
  MH acceptance: sigma2=0.442  tau2=0.193  rho=0.361
  Full Bayes done in 23695.1s
  sigma2: mean=0.6607  95%CI=[0.2967,1.4892]  true=0.80
  tau2:   mean=0.1493  95%CI=[0.1362,0.1636]  true=0.15
  rho:    mean=0.2197  95%CI=[0.1504,0.3229]  true=0.20
  MH accept: sigma2=0.442  tau2=0.193  rho=0.361
  tau2_s (key: X5-X10 should be near 0):
     X1      X2      X3      X4      X5      X6      X7      X8      X9     X10 
0.00782 0.00314 0.00333 0.00639 0.00319 0.00208 0.00274 0.00239 0.00283 0.00260 
  b: cor=0.9763  RMSE=0.2414
  Curve metrics:
   var rmse_curve band_coverage
1   X1    0.08601        0.6436
2   X2    0.05816        0.9406
3   X3    0.04401        1.0000
4   X4    0.06239        0.9307
5   X5    0.04351        1.0000
6   X6    0.02440        1.0000
7   X7    0.03897        0.9703
8   X8    0.02559        1.0000
9   X9    0.03020        1.0000
10 X10    0.05110        0.8713
null device 
          1 
  Plot: bayes_out/sim4plus_n1000_bayes_marginals.pdf
null device 
          1 
  Plot: bayes_out/sim4plus_n1000_bayes_trace.pdf


####################################################
# REML vs Bayes: Sim4_plus n=1000
####################################################

--- Curve RMSE ---
                 X1       X2       X3       X4       X5       X6       X7       X8       X9      X10
REML        0.26844  0.05878  0.04319  0.05504  0.03855  0.02441  0.03310  0.02015  0.03052  0.04950
Bayes       0.08601  0.05816  0.04401  0.06239  0.04351  0.02440  0.03897  0.02559  0.03020  0.05110

--- tau2_s: real (X1-X4) vs garbage (X5-X10) ---
  Real:   0.00782   0.00314   0.00333   0.00639  
  Garbage:0.00319   0.00208   0.00274   0.00239   0.00283   0.00260  

--- Variance estimates ---
  REML:  sigma2=1.0791  tau2=0.1536  rho=0.2750
  Bayes: sigma2=0.6607  tau2=0.1493  rho=0.2197
  True:  sigma2=0.8000  tau2=0.1500  rho=0.2000

--- Timing: REML=28.8s  Bayes=23695.1s ---

Outputs in bayes_out/:
  sim4plus_n1000_reml_marginals.pdf
  sim4plus_n1000_bayes_marginals.pdf
  sim4plus_n1000_bayes_trace.pdf
  sim4plus_n1000_reml_vs_bayes.csv
  sim4plus_n1000_bayes_coverage.csv
