=== Sim_Poisson_1: Poisson spatial additive model ===
  n=500, M_C=20, n_iter=10000
  DGP summary: mean(y)=26.91  median(y)=26  max(y)=87  zeros=0/500
  log(lambda) range: [1.57, 4.28],  mean=3.20
  H dimensions: 500 115 
  Initializing via Poisson GLM...
  GLM init: intercept=2.943, sigma2=0.1000
  GLM init: log_lam range=[1.68, 4.30]
  Initial loglik: 31935.1
  iter 500/10000  rho=0.0997  sig2=0.2253  ll=32131.3  acc(eta=0.51,b=0.14,rho=0.17)
  iter 1000/10000  rho=0.1410  sig2=0.2882  ll=32114.3  acc(eta=0.53,b=0.29,rho=0.15)
  iter 1500/10000  rho=0.1705  sig2=0.2693  ll=32118.2  acc(eta=0.54,b=0.36,rho=0.14)
  iter 2000/10000  rho=0.2372  sig2=0.5156  ll=32103.8  acc(eta=0.55,b=0.41,rho=0.15)
  iter 2500/10000  rho=0.1637  sig2=0.1216  ll=32105.1  acc(eta=0.55,b=0.42,rho=0.15)
  iter 3000/10000  rho=0.1423  sig2=0.1682  ll=32122.8  acc(eta=0.56,b=0.44,rho=0.15)
  iter 3500/10000  rho=0.1575  sig2=0.1897  ll=32112.4  acc(eta=0.56,b=0.45,rho=0.15)
  iter 4000/10000  rho=0.2073  sig2=0.3806  ll=32114.3  acc(eta=0.56,b=0.47,rho=0.14)
  iter 4500/10000  rho=0.2016  sig2=0.4285  ll=32111.4  acc(eta=0.55,b=0.48,rho=0.14)
  iter 5000/10000  rho=0.2159  sig2=0.2755  ll=32108.8  acc(eta=0.56,b=0.47,rho=0.14)
  iter 5500/10000  rho=0.1409  sig2=0.2670  ll=32117.4  acc(eta=0.55,b=0.48,rho=0.14)
  iter 6000/10000  rho=0.1403  sig2=0.1840  ll=32124.6  acc(eta=0.55,b=0.48,rho=0.14)
  iter 6500/10000  rho=0.1977  sig2=0.3971  ll=32117.0  acc(eta=0.55,b=0.49,rho=0.14)
  iter 7000/10000  rho=0.1701  sig2=0.1895  ll=32103.5  acc(eta=0.55,b=0.49,rho=0.14)
  iter 7500/10000  rho=0.1920  sig2=0.3375  ll=32102.0  acc(eta=0.56,b=0.49,rho=0.14)
  iter 8000/10000  rho=0.2936  sig2=1.0200  ll=32109.6  acc(eta=0.55,b=0.49,rho=0.14)
  iter 8500/10000  rho=0.2499  sig2=0.3772  ll=32115.4  acc(eta=0.55,b=0.50,rho=0.14)
  iter 9000/10000  rho=0.2309  sig2=0.3900  ll=32101.0  acc(eta=0.55,b=0.50,rho=0.14)
  iter 9500/10000  rho=0.1529  sig2=0.2716  ll=32120.9  acc(eta=0.55,b=0.50,rho=0.14)
  iter 10000/10000  rho=0.2109  sig2=0.3574  ll=32104.6  acc(eta=0.55,b=0.51,rho=0.14)
  MH acceptance: eta=0.550  b=0.506  rho=0.136
  Elapsed: 2502.6 seconds

--- Variance recovery ---
  sigma2: posterior mean=0.3548, true=0.3000
  rho:    posterior mean=0.1918, true=0.2000
  b correlation (posterior mean vs true): 0.9698
  tau2_s posterior means: 0.0034, 0.0031, 0.0022, 0.0028, 0.0031, 0.0026 

--- Curve RMSE (posterior mean vs truth) ---
  X1: RMSE=0.04728
  X2: RMSE=0.09665
  X3: RMSE=0.10354
  X4: RMSE=0.05615
  X5: RMSE=0.04127
  X6: RMSE=0.07600
null device 
          1 
  Saved: poisson_out/sim_poisson_1_traces.pdf
null device 
          1 
  Saved: poisson_out/sim_poisson_1_marginals.pdf
null device 
          1 
  Saved: poisson_out/sim_poisson_1_spatial_b.pdf

=== Done ===
