
####################################################
# Sim1: no spatial b
####################################################

========== Stage C: sim1, n=400, p=4, M=20 ==========
  H: 400 x 77 (19 coefs per covariate)
  iter 1000/6000  sigma2=0.0610  tau2=0.1224  tau2_s=0.008,0.003,0.005,0.006
  iter 2000/6000  sigma2=0.0885  tau2=0.1388  tau2_s=0.007,0.006,0.001,0.004
  iter 3000/6000  sigma2=0.0757  tau2=0.1478  tau2_s=0.013,0.002,0.002,0.006
  iter 4000/6000  sigma2=0.0984  tau2=0.1443  tau2_s=0.013,0.001,0.003,0.007
  iter 5000/6000  sigma2=0.1362  tau2=0.1377  tau2_s=0.014,0.004,0.004,0.005
  iter 6000/6000  sigma2=0.0867  tau2=0.1398  tau2_s=0.008,0.002,0.003,0.007
  MH acceptance: sigma2=0.688  tau2=0.287
  Done in 685.4 seconds.
  sigma2: mean=0.1091  95%CI=[0.0623, 0.1881]  (true=0.0000)
  tau2:   mean=0.1367  95%CI=[0.1190, 0.1578]  (true=0.1500)
  tau2_s: X1=0.0093 X2=0.0026 X3=0.0029 X4=0.0075 
  Curve metrics:
  var rmse_curve band_coverage
1  X1    0.05564        0.8911
2  X2    0.04580        1.0000
3  X3    0.02518        1.0000
4  X4    0.04409        0.9505

####################################################
# Sim2: spatial b, iid covariates
####################################################

========== Stage C: sim2, n=400, p=4, M=20 ==========
  H: 400 x 77 (19 coefs per covariate)
  iter 1000/6000  sigma2=0.4026  tau2=0.1688  tau2_s=0.009,0.004,0.003,0.009
  iter 2000/6000  sigma2=0.7330  tau2=0.1693  tau2_s=0.015,0.002,0.002,0.006
  iter 3000/6000  sigma2=0.4019  tau2=0.1802  tau2_s=0.006,0.001,0.003,0.009
  iter 4000/6000  sigma2=0.5239  tau2=0.1843  tau2_s=0.006,0.001,0.001,0.015
  iter 5000/6000  sigma2=0.6611  tau2=0.1465  tau2_s=0.014,0.004,0.004,0.003
  iter 6000/6000  sigma2=0.3535  tau2=0.1750  tau2_s=0.002,0.002,0.001,0.010
  MH acceptance: sigma2=0.671  tau2=0.306
  Done in 678.8 seconds.
  sigma2: mean=0.5729  95%CI=[0.3249, 0.9159]  (true=0.8000)
  tau2:   mean=0.1633  95%CI=[0.1406, 0.1892]  (true=0.1500)
  tau2_s: X1=0.0090 X2=0.0024 X3=0.0033 X4=0.0079 
  Curve metrics:
  var rmse_curve band_coverage
1  X1    0.04199             1
2  X2    0.03715             1
3  X3    0.05588             1
4  X4    0.03068             1
  b: cor=0.9866  RMSE=0.4401

####################################################
# Sim3: spatial b + spatial covariates (confounding)
####################################################

========== Stage C: sim3, n=400, p=4, M=20 ==========
  H: 400 x 77 (19 coefs per covariate)
  iter 1000/6000  sigma2=0.3685  tau2=0.1555  tau2_s=0.024,0.003,0.003,0.012
  iter 2000/6000  sigma2=0.4274  tau2=0.1520  tau2_s=0.007,0.011,0.001,0.007
  iter 3000/6000  sigma2=0.3891  tau2=0.1292  tau2_s=0.013,0.002,0.002,0.005
  iter 4000/6000  sigma2=0.3976  tau2=0.1576  tau2_s=0.004,0.007,0.001,0.005
  iter 5000/6000  sigma2=0.4270  tau2=0.1481  tau2_s=0.006,0.001,0.003,0.004
  iter 6000/6000  sigma2=0.3071  tau2=0.1706  tau2_s=0.007,0.006,0.001,0.033
  MH acceptance: sigma2=0.684  tau2=0.297
  Done in 689.0 seconds.
  sigma2: mean=0.4249  95%CI=[0.2314, 0.7241]  (true=0.8000)
  tau2:   mean=0.1504  95%CI=[0.1266, 0.1738]  (true=0.1500)
  tau2_s: X1=0.0097 X2=0.0040 X3=0.0036 X4=0.0096 
  Curve metrics:
  var rmse_curve band_coverage
1  X1    0.08157        0.9604
2  X2    0.07582        0.8911
3  X3    0.07166        1.0000
4  X4    0.06297        1.0000
  b: cor=0.9322  RMSE=0.2942

####################################################
# Sim4: spatial confounding + garbage covariates
####################################################

========== Stage C: sim4, n=400, p=6, M=20 ==========
  H: 400 x 115 (19 coefs per covariate)
  iter 1000/6000  sigma2=1.0202  tau2=0.1492  tau2_s=0.002,0.003,0.005,0.014,0.001,0.001
  iter 2000/6000  sigma2=0.9236  tau2=0.1381  tau2_s=0.022,0.001,0.006,0.005,0.001,0.002
  iter 3000/6000  sigma2=0.5922  tau2=0.1582  tau2_s=0.008,0.003,0.003,0.004,0.003,0.006
  iter 4000/6000  sigma2=0.6395  tau2=0.1677  tau2_s=0.043,0.001,0.002,0.002,0.003,0.008
  iter 5000/6000  sigma2=0.7245  tau2=0.1507  tau2_s=0.006,0.004,0.005,0.003,0.002,0.014
  iter 6000/6000  sigma2=0.7127  tau2=0.1840  tau2_s=0.006,0.002,0.010,0.004,0.002,0.002
  MH acceptance: sigma2=0.645  tau2=0.316
  Done in 708.0 seconds.
  sigma2: mean=0.8406  95%CI=[0.4724, 1.3406]  (true=0.8000)
  tau2:   mean=0.1581  95%CI=[0.1325, 0.1877]  (true=0.1500)
  tau2_s: X1=0.0104 X2=0.0032 X3=0.0045 X4=0.0077 X5=0.0026 X6=0.0029 
  Curve metrics:
  var rmse_curve band_coverage
1  X1    0.10946        0.7822
2  X2    0.06964        1.0000
3  X3    0.04993        1.0000
4  X4    0.05654        1.0000
5  X5    0.03719        1.0000
6  X6    0.04602        1.0000
  b: cor=0.9560  RMSE=0.3184


####################################################
# GRAND SUMMARY: Stage C across all simulations
####################################################

--- Sim1 (no spatial b) ---
  var rmse_curve band_coverage
1  X1    0.05564        0.8911
2  X2    0.04580        1.0000
3  X3    0.02518        1.0000
4  X4    0.04409        0.9505
  sigma2: 0.1091 (true=0)  tau2: 0.1367 (true=0.15)

--- Sim2 (spatial b, iid X) ---
  var rmse_curve band_coverage
1  X1    0.04199             1
2  X2    0.03715             1
3  X3    0.05588             1
4  X4    0.03068             1
  sigma2: 0.5729 (true=0.8)  tau2: 0.1633 (true=0.15)

--- Sim3 (spatial b + spatial X) ---
  var rmse_curve band_coverage
1  X1    0.08157        0.9604
2  X2    0.07582        0.8911
3  X3    0.07166        1.0000
4  X4    0.06297        1.0000
  sigma2: 0.4249 (true=0.8)  tau2: 0.1504 (true=0.15)

--- Sim4 (Sim3 + garbage X5,X6) ---
  var rmse_curve band_coverage
1  X1    0.10946        0.7822
2  X2    0.06964        1.0000
3  X3    0.04993        1.0000
4  X4    0.05654        1.0000
5  X5    0.03719        1.0000
6  X6    0.04602        1.0000
  sigma2: 0.8406 (true=0.8)  tau2: 0.1581 (true=0.15)

--- Sim4: Smoothing variances (garbage vs real) ---
     X1      X2      X3      X4      X5      X6 
0.01036 0.00320 0.00446 0.00769 0.00261 0.00292 
  (X5, X6 should have smallest tau2_s → most smoothed → flattest)

Total time: Sim1=685s  Sim2=679s  Sim3=689s  Sim4=708s

All plots saved to bayes_out/stage_c_sim*.pdf
