
=== Sim4: n=1000, p=6 (4 real + 2 garbage) ===
  Y range: [-0.785, 6.292]  mean=2.867

####################################################
# REML: M=6
####################################################
REML status: 0 
rho_hat    = 0.1672209 
lambda_hat = 0.3054892 
sigma2_hat = 0.4979564 
tau2_hat   = 0.1521203 
  REML done in 27.0s
  sigma2=0.4980  tau2=0.1521  rho=0.1672
  REML curve RMSE:
  var    rmse
1  X1 0.24726
2  X2 0.03846
3  X3 0.05480
4  X4 0.02114
5  X5 0.02744
6  X6 0.02615
null device 
          1 
  Plot: bayes_out/sim4_n1000_reml_marginals.pdf

####################################################
# Full Bayes: M=20  n_iter=10000  n_burn=2500
# MH sd: sigma2=0.5  tau2=0.3  rho=0.3
####################################################
  H: 1000 x 115
  Init: rho=0.1672  sigma2=0.4980  tau2=0.1521
  iter 1000/10000  rho=0.1371  sigma2=0.2963  tau2=0.1468  tau2_s=0.005,0.001,0.002,0.005,0.009,0.002
  iter 2000/10000  rho=0.1714  sigma2=0.4247  tau2=0.1443  tau2_s=0.009,0.004,0.002,0.012,0.002,0.002
  iter 3000/10000  rho=0.1055  sigma2=0.2258  tau2=0.1432  tau2_s=0.002,0.003,0.001,0.006,0.001,0.005
  iter 4000/10000  rho=0.1804  sigma2=0.6098  tau2=0.1597  tau2_s=0.007,0.002,0.002,0.008,0.001,0.002
  iter 5000/10000  rho=0.1158  sigma2=0.2846  tau2=0.1449  tau2_s=0.005,0.012,0.002,0.015,0.001,0.002
  iter 6000/10000  rho=0.1540  sigma2=0.3447  tau2=0.1628  tau2_s=0.006,0.011,0.002,0.016,0.002,0.002
  iter 7000/10000  rho=0.1919  sigma2=0.4652  tau2=0.1421  tau2_s=0.003,0.005,0.004,0.029,0.002,0.011
  iter 8000/10000  rho=0.1454  sigma2=0.3087  tau2=0.1546  tau2_s=0.005,0.003,0.006,0.024,0.002,0.002
  iter 9000/10000  rho=0.1756  sigma2=0.6031  tau2=0.1456  tau2_s=0.005,0.002,0.002,0.018,0.001,0.006
  iter 10000/10000  rho=0.1743  sigma2=0.4790  tau2=0.1365  tau2_s=0.011,0.001,0.004,0.012,0.002,0.001
  MH acceptance: sigma2=0.414  tau2=0.190  rho=0.365
  Full Bayes done in 21596.3s
  sigma2: mean=0.4999  95%CI=[0.2372,1.0503]  true=0.80
  tau2:   mean=0.1500  95%CI=[0.1359,0.1644]  true=0.15
  rho:    mean=0.1657  95%CI=[0.1129,0.2426]  true=0.20
  MH accept: sigma2=0.414  tau2=0.190  rho=0.365
  tau2_s:
     X1      X2      X3      X4      X5      X6 
0.00579 0.00253 0.00216 0.01136 0.00237 0.00275 
  b: cor=0.9840  RMSE=0.1081
  Curve metrics:
  var rmse_curve band_coverage
1  X1    0.08156        0.7426
2  X2    0.03243        1.0000
3  X3    0.04839        1.0000
4  X4    0.03626        1.0000
5  X5    0.02330        1.0000
6  X6    0.02554        1.0000
null device 
          1 
  Plot: bayes_out/sim4_n1000_bayes_marginals.pdf
null device 
          1 
  Plot: bayes_out/sim4_n1000_bayes_trace.pdf


####################################################
# REML vs Bayes: Sim4 n=1000
####################################################

--- Curve RMSE ---
                  X1        X2        X3        X4        X5        X6
REML         0.24726   0.03846   0.05480   0.02114   0.02744   0.02615
Bayes        0.08156   0.03243   0.04839   0.03626   0.02330   0.02554

--- Variance estimates ---
  REML:  sigma2=0.4980  tau2=0.1521  rho=0.1672
  Bayes: sigma2=0.4999  tau2=0.1500  rho=0.1657
  True:  sigma2=0.8000  tau2=0.1500  rho=0.2000

--- tau2_s shrinkage (X5,X6 = garbage) ---
     X1      X2      X3      X4      X5      X6 
0.00579 0.00253 0.00216 0.01136 0.00237 0.00275 

--- Timing: REML=27.0s  Bayes=21596.3s ---

Outputs in bayes_out/:
  sim4_n1000_reml_marginals.pdf
  sim4_n1000_bayes_marginals.pdf
  sim4_n1000_bayes_trace.pdf
  sim4_n1000_reml_vs_bayes.csv
  sim4_n1000_bayes_coverage.csv
