
=== Simulating Sim4: n=1000, p=6 (fixed seed=42) ===
  H: 1000 x 115
  REML init (shared): rho=0.1672  sigma2=0.4980  tau2=0.1521

####################################################
# B1 Default  [IG(2,1) | IG(2,0.3) | IG(1,0.005) | rho~logN(log0.2,1)]
####################################################
  iter 1000/10000  rho=0.1371  sigma2=0.2963  tau2=0.1468  tau2_s=0.005,0.001,0.002,0.005,0.009,0.002
  iter 2000/10000  rho=0.1714  sigma2=0.4247  tau2=0.1443  tau2_s=0.009,0.004,0.002,0.012,0.002,0.002
  iter 3000/10000  rho=0.1055  sigma2=0.2258  tau2=0.1432  tau2_s=0.002,0.003,0.001,0.006,0.001,0.005
  iter 4000/10000  rho=0.1804  sigma2=0.6098  tau2=0.1597  tau2_s=0.007,0.002,0.002,0.008,0.001,0.002
  iter 5000/10000  rho=0.1158  sigma2=0.2846  tau2=0.1449  tau2_s=0.005,0.012,0.002,0.015,0.001,0.002
  iter 6000/10000  rho=0.1540  sigma2=0.3447  tau2=0.1628  tau2_s=0.006,0.011,0.002,0.016,0.002,0.002
  iter 7000/10000  rho=0.1919  sigma2=0.4652  tau2=0.1421  tau2_s=0.003,0.005,0.004,0.029,0.002,0.011
  iter 8000/10000  rho=0.1454  sigma2=0.3087  tau2=0.1546  tau2_s=0.005,0.003,0.006,0.024,0.002,0.002
  iter 9000/10000  rho=0.1756  sigma2=0.6031  tau2=0.1456  tau2_s=0.005,0.002,0.002,0.018,0.001,0.006
  iter 10000/10000  rho=0.1743  sigma2=0.4790  tau2=0.1365  tau2_s=0.011,0.001,0.004,0.012,0.002,0.001
  MH acceptance: sigma2=0.414  tau2=0.190  rho=0.365
  sigma2=0.4999 [0.2372,1.0503]  true=0.80
  tau2  =0.1500 [0.1359,0.1644]  true=0.15
  rho   =0.1657 [0.1129,0.2426]  true=0.20
  b_cor =0.9840  time=21577s
  MH accept: sigma2=0.414  tau2=0.190  rho=0.365
  tau2_s:
      X1       X2       X3       X4       X5       X6 
0.005788 0.002533 0.002164 0.011357 0.002375 0.002748 
  Curve coverage:
  var rmse_curve band_coverage
1  X1    0.08156        0.7426
2  X2    0.03243        1.0000
3  X3    0.04839        1.0000
4  X4    0.03626        1.0000
5  X5    0.02330        1.0000
6  X6    0.02554        1.0000

####################################################
# B2 Smooth-tight  [IG(2,0.01) on tau2_s]
####################################################
  iter 1000/10000  rho=0.1800  sigma2=0.4582  tau2=0.1543  tau2_s=0.006,0.004,0.003,0.014,0.004,0.003
  iter 2000/10000  rho=0.1835  sigma2=0.4353  tau2=0.1603  tau2_s=0.003,0.002,0.003,0.005,0.004,0.009
  iter 3000/10000  rho=0.1387  sigma2=0.3638  tau2=0.1400  tau2_s=0.005,0.004,0.001,0.010,0.003,0.008
  iter 4000/10000  rho=0.1185  sigma2=0.2680  tau2=0.1468  tau2_s=0.004,0.003,0.002,0.003,0.004,0.003
  iter 5000/10000  rho=0.1511  sigma2=0.2746  tau2=0.1508  tau2_s=0.005,0.002,0.003,0.004,0.004,0.002
  iter 6000/10000  rho=0.2346  sigma2=0.8250  tau2=0.1476  tau2_s=0.007,0.003,0.003,0.013,0.002,0.002
  iter 7000/10000  rho=0.1631  sigma2=0.6292  tau2=0.1493  tau2_s=0.005,0.002,0.002,0.004,0.001,0.002
  iter 8000/10000  rho=0.1990  sigma2=0.5844  tau2=0.1474  tau2_s=0.003,0.005,0.003,0.013,0.002,0.003
  iter 9000/10000  rho=0.1643  sigma2=0.3790  tau2=0.1495  tau2_s=0.005,0.003,0.006,0.008,0.002,0.001
  iter 10000/10000  rho=0.2213  sigma2=0.7654  tau2=0.1466  tau2_s=0.004,0.003,0.007,0.019,0.002,0.004
  MH acceptance: sigma2=0.419  tau2=0.194  rho=0.351
  sigma2=0.5582 [0.2435,1.3659]  true=0.80
  tau2  =0.1501 [0.1355,0.1647]  true=0.15
  rho   =0.1720 [0.1112,0.2763]  true=0.20
  b_cor =0.9840  time=21584s
  MH accept: sigma2=0.419  tau2=0.194  rho=0.351
  tau2_s:
      X1       X2       X3       X4       X5       X6 
0.005613 0.003103 0.002873 0.009546 0.003018 0.003456 
  Curve coverage:
  var rmse_curve band_coverage
1  X1    0.08152        0.7426
2  X2    0.03344        1.0000
3  X3    0.04916        1.0000
4  X4    0.03550        1.0000
5  X5    0.02426        1.0000
6  X6    0.02727        1.0000

####################################################
# B3 Smooth-loose  [IG(0.5,0.001) on tau2_s]
####################################################
  iter 1000/10000  rho=0.1368  sigma2=0.2757  tau2=0.1600  tau2_s=0.004,0.001,0.001,0.005,0.001,0.001
  iter 2000/10000  rho=0.1235  sigma2=0.3634  tau2=0.1541  tau2_s=0.003,0.001,0.001,0.009,0.002,0.000
  iter 3000/10000  rho=0.1641  sigma2=0.5393  tau2=0.1404  tau2_s=0.003,0.001,0.001,0.006,0.001,0.001
  iter 4000/10000  rho=0.1065  sigma2=0.3760  tau2=0.1464  tau2_s=0.005,0.000,0.002,0.002,0.000,0.001
  iter 5000/10000  rho=0.1198  sigma2=0.2642  tau2=0.1513  tau2_s=0.008,0.001,0.000,0.002,0.000,0.001
  iter 6000/10000  rho=0.1261  sigma2=0.3584  tau2=0.1532  tau2_s=0.011,0.001,0.000,0.006,0.001,0.000
  iter 7000/10000  rho=0.1091  sigma2=0.2160  tau2=0.1519  tau2_s=0.005,0.001,0.001,0.011,0.000,0.000
  iter 8000/10000  rho=0.1727  sigma2=0.7310  tau2=0.1445  tau2_s=0.003,0.000,0.000,0.006,0.002,0.001
  iter 9000/10000  rho=0.1200  sigma2=0.2733  tau2=0.1448  tau2_s=0.006,0.001,0.000,0.011,0.001,0.000
  iter 10000/10000  rho=0.2061  sigma2=0.5168  tau2=0.1675  tau2_s=0.003,0.001,0.001,0.005,0.003,0.001
  MH acceptance: sigma2=0.412  tau2=0.195  rho=0.363
  sigma2=0.4535 [0.2364,0.8810]  true=0.80
  tau2  =0.1496 [0.1354,0.1655]  true=0.15
  rho   =0.1580 [0.1085,0.2235]  true=0.20
  b_cor =0.9840  time=21609s
  MH accept: sigma2=0.412  tau2=0.195  rho=0.363
  tau2_s:
      X1       X2       X3       X4       X5       X6 
0.005365 0.001079 0.000852 0.011790 0.000884 0.001045 
  Curve coverage:
  var rmse_curve band_coverage
1  X1    0.08102        0.7426
2  X2    0.02773        1.0000
3  X3    0.04809        1.0000
4  X4    0.03629        1.0000
5  X5    0.01913        1.0000
6  X6    0.02134        1.0000

####################################################
# B4 Var-diffuse  [IG(1,0.5) sigma2 | IG(1,0.1) tau2]
####################################################
  iter 1000/10000  rho=0.1560  sigma2=0.3890  tau2=0.1493  tau2_s=0.006,0.004,0.002,0.026,0.002,0.002
  iter 2000/10000  rho=0.2337  sigma2=0.6702  tau2=0.1582  tau2_s=0.003,0.002,0.001,0.004,0.002,0.006
  iter 3000/10000  rho=0.1638  sigma2=0.3030  tau2=0.1406  tau2_s=0.002,0.002,0.002,0.011,0.002,0.004
  iter 4000/10000  rho=0.1230  sigma2=0.2746  tau2=0.1445  tau2_s=0.006,0.002,0.002,0.020,0.003,0.001
  iter 5000/10000  rho=0.1009  sigma2=0.2838  tau2=0.1473  tau2_s=0.004,0.002,0.002,0.005,0.001,0.001
  iter 6000/10000  rho=0.1906  sigma2=0.7460  tau2=0.1556  tau2_s=0.004,0.003,0.001,0.009,0.001,0.002
  iter 7000/10000  rho=0.2169  sigma2=0.8582  tau2=0.1503  tau2_s=0.006,0.002,0.003,0.012,0.001,0.003
  iter 8000/10000  rho=0.1141  sigma2=0.3257  tau2=0.1442  tau2_s=0.010,0.002,0.002,0.019,0.003,0.002
  iter 9000/10000  rho=0.1561  sigma2=0.3258  tau2=0.1486  tau2_s=0.009,0.001,0.001,0.009,0.003,0.003
  iter 10000/10000  rho=0.1683  sigma2=0.4510  tau2=0.1392  tau2_s=0.007,0.004,0.001,0.010,0.007,0.010
  MH acceptance: sigma2=0.422  tau2=0.192  rho=0.353
  sigma2=0.4992 [0.2186,1.1557]  true=0.80
  tau2  =0.1502 [0.1357,0.1649]  true=0.15
  rho   =0.1648 [0.1084,0.2481]  true=0.20
  b_cor =0.9839  time=21576s
  MH accept: sigma2=0.422  tau2=0.192  rho=0.353
  tau2_s:
      X1       X2       X3       X4       X5       X6 
0.005819 0.002558 0.002198 0.011371 0.002394 0.002704 
  Curve coverage:
  var rmse_curve band_coverage
1  X1    0.08132        0.7327
2  X2    0.03265        1.0000
3  X3    0.04877        1.0000
4  X4    0.03667        1.0000
5  X5    0.02307        1.0000
6  X6    0.02548        1.0000

####################################################
# B5 Rho-misspec  [log(rho)~N(log0.5,1), prior mean rho=0.5]
####################################################
  iter 1000/10000  rho=0.1295  sigma2=0.3793  tau2=0.1570  tau2_s=0.004,0.003,0.002,0.006,0.003,0.002
  iter 2000/10000  rho=0.1979  sigma2=0.3952  tau2=0.1488  tau2_s=0.004,0.003,0.002,0.004,0.002,0.007
  iter 3000/10000  rho=0.2044  sigma2=0.6769  tau2=0.1357  tau2_s=0.007,0.001,0.002,0.020,0.004,0.001
  iter 4000/10000  rho=0.2240  sigma2=1.1450  tau2=0.1379  tau2_s=0.005,0.002,0.004,0.006,0.002,0.002
  iter 5000/10000  rho=0.1371  sigma2=0.3301  tau2=0.1481  tau2_s=0.006,0.001,0.002,0.006,0.007,0.001
  iter 6000/10000  rho=0.1466  sigma2=0.3495  tau2=0.1527  tau2_s=0.004,0.002,0.003,0.010,0.002,0.002
  iter 7000/10000  rho=0.1815  sigma2=0.5312  tau2=0.1561  tau2_s=0.003,0.002,0.001,0.012,0.001,0.003
  iter 8000/10000  rho=0.1722  sigma2=0.5545  tau2=0.1436  tau2_s=0.006,0.001,0.004,0.010,0.001,0.001
  iter 9000/10000  rho=0.2109  sigma2=0.8099  tau2=0.1479  tau2_s=0.003,0.005,0.002,0.007,0.001,0.001
  iter 10000/10000  rho=0.1622  sigma2=0.3510  tau2=0.1542  tau2_s=0.006,0.002,0.002,0.012,0.001,0.002
  MH acceptance: sigma2=0.425  tau2=0.193  rho=0.362
  sigma2=0.5438 [0.2423,1.2437]  true=0.80
  tau2  =0.1503 [0.1372,0.1659]  true=0.15
  rho   =0.1725 [0.1182,0.2587]  true=0.20
  b_cor =0.9840  time=21544s
  MH accept: sigma2=0.425  tau2=0.193  rho=0.362
  tau2_s:
      X1       X2       X3       X4       X5       X6 
0.005791 0.002631 0.002152 0.011237 0.002329 0.002727 
  Curve coverage:
  var rmse_curve band_coverage
1  X1    0.08154        0.7624
2  X2    0.03253        1.0000
3  X3    0.04849        1.0000
4  X4    0.03636        1.0000
5  X5    0.02317        1.0000
6  X6    0.02591        1.0000


####################################################
# PRIOR SENSITIVITY SUMMARY  (Sim4, n=1000)
####################################################

--- Variance recovery (posterior means) ---
Bundle                  sigma2      tau2       rho     b_cor
----------------------------------------------------------------- 
B1_default              0.4999    0.1500    0.1657    0.9840
B2_smooth_tight         0.5582    0.1501    0.1720    0.9840
B3_smooth_loose         0.4535    0.1496    0.1580    0.9840
B4_var_diffuse          0.4992    0.1502    0.1648    0.9839
B5_rho_misspec          0.5438    0.1503    0.1725    0.9840
TRUE                    0.8000    0.1500    0.2000

--- Smoothing variances tau2_s (mean over posterior) ---
Bundle                      X1        X2        X3        X4        X5        X6
-------------------------------------------------------------------------------- 
B1_default             0.00579   0.00253   0.00216   0.01136   0.00237   0.00275
B2_smooth_tight        0.00561   0.00310   0.00287   0.00955   0.00302   0.00346
B3_smooth_loose        0.00537   0.00108   0.00085   0.01179   0.00088   0.00104
B4_var_diffuse         0.00582   0.00256   0.00220   0.01137   0.00239   0.00270
B5_rho_misspec         0.00579   0.00263   0.00215   0.01124   0.00233   0.00273
  (X1-X4 = real, X5-X6 = garbage, truth f5=f6=0)

--- Curve RMSE ---
Bundle                    X1      X2      X3      X4      X5      X6
-------------------------------------------------------------------- 
B1_default            0.0816  0.0324  0.0484  0.0363  0.0233  0.0255
B2_smooth_tight       0.0815  0.0334  0.0492  0.0355  0.0243  0.0273
B3_smooth_loose       0.0810  0.0277  0.0481  0.0363  0.0191  0.0213
B4_var_diffuse        0.0813  0.0326  0.0488  0.0367  0.0231  0.0255
B5_rho_misspec        0.0815  0.0325  0.0485  0.0364  0.0232  0.0259

--- 95% band coverage (nominal = 0.95) ---
Bundle                    X1      X2      X3      X4      X5      X6
-------------------------------------------------------------------- 
B1_default             0.743   1.000   1.000   1.000   1.000   1.000
B2_smooth_tight        0.743   1.000   1.000   1.000   1.000   1.000
B3_smooth_loose        0.743   1.000   1.000   1.000   1.000   1.000
B4_var_diffuse         0.733   1.000   1.000   1.000   1.000   1.000
B5_rho_misspec         0.762   1.000   1.000   1.000   1.000   1.000

--- Timing ---
  B1_default            21577 seconds
  B2_smooth_tight       21584 seconds
  B3_smooth_loose       21609 seconds
  B4_var_diffuse        21576 seconds
  B5_rho_misspec        21544 seconds
null device 
          1 

Rho comparison trace: bayes_out/priorsens_rho_comparison.pdf
Saved: bayes_out/priorsens_sim4_n1000_summary.csv

All outputs in bayes_out/:
  priorsens_B*_marginals.pdf  (one per bundle)
  priorsens_rho_comparison.pdf
  priorsens_sim4_n1000_summary.csv
