
####################################################
# FULL BAYESIAN MODEL (rho sampled)
####################################################

# Sim1: no spatial b

========== Full Bayes: sim1, n=400, p=4, M=20 ==========
  H: 400 x 77
  REML init: rho=13.5962 sigma2=0.2791 tau2=0.1408
  iter 1000/6000  rho=2.3793  sigma2=0.5926  tau2=0.1447  tau2_s=0.005,0.019,0.003,0.006
  iter 2000/6000  rho=3.1872  sigma2=0.2036  tau2=0.1471  tau2_s=0.007,0.002,0.001,0.011
  iter 3000/6000  rho=1.4414  sigma2=0.3139  tau2=0.1589  tau2_s=0.006,0.001,0.003,0.003
  iter 4000/6000  rho=0.7971  sigma2=0.1892  tau2=0.1495  tau2_s=0.020,0.001,0.003,0.007
  iter 5000/6000  rho=1.1443  sigma2=0.3139  tau2=0.1371  tau2_s=0.007,0.001,0.001,0.011
  iter 6000/6000  rho=1.0555  sigma2=0.1709  tau2=0.1486  tau2_s=0.008,0.003,0.002,0.008
  MH acceptance: sigma2=0.780  tau2=0.280  rho=0.868
  Done in 975.3 seconds.
  sigma2: mean=0.2962  95%CI=[0.1094, 0.8549]  (true=0.0000)
  tau2:   mean=0.1376  95%CI=[0.1192, 0.1573]  (true=0.1500)
  rho:    mean=1.8939  95%CI=[0.6435, 4.6398]  (true=0.2000)
  tau2_s: X1=0.0091 X2=0.0028 X3=0.0031 X4=0.0076 
  Curve metrics:
  var rmse_curve band_coverage
1  X1    0.05517        0.9010
2  X2    0.04685        1.0000
3  X3    0.02440        1.0000
4  X4    0.04571        0.9505

# Sim2: spatial b, iid X

========== Full Bayes: sim2, n=400, p=4, M=20 ==========
  H: 400 x 77
  REML init: rho=0.2670 sigma2=0.9909 tau2=0.1651
  iter 1000/6000  rho=0.1407  sigma2=0.4391  tau2=0.1706  tau2_s=0.005,0.001,0.001,0.004
  iter 2000/6000  rho=0.2172  sigma2=0.5946  tau2=0.1602  tau2_s=0.014,0.002,0.002,0.007
  iter 3000/6000  rho=0.2805  sigma2=1.1914  tau2=0.1419  tau2_s=0.004,0.003,0.001,0.009
  iter 4000/6000  rho=0.1548  sigma2=0.3537  tau2=0.1628  tau2_s=0.013,0.003,0.002,0.006
  iter 5000/6000  rho=0.1656  sigma2=0.5416  tau2=0.1447  tau2_s=0.008,0.003,0.003,0.005
  iter 6000/6000  rho=0.1431  sigma2=0.3825  tau2=0.1566  tau2_s=0.005,0.002,0.002,0.005
  MH acceptance: sigma2=0.677  tau2=0.302  rho=0.622
  Done in 1082.8 seconds.
  sigma2: mean=0.6749  95%CI=[0.3239, 1.4986]  (true=0.8000)
  tau2:   mean=0.1631  95%CI=[0.1387, 0.1927]  (true=0.1500)
  rho:    mean=0.2184  95%CI=[0.1413, 0.3513]  (true=0.2000)
  tau2_s: X1=0.0090 X2=0.0027 X3=0.0034 X4=0.0082 
  Curve metrics:
  var rmse_curve band_coverage
1  X1    0.04213             1
2  X2    0.03741             1
3  X3    0.05612             1
4  X4    0.03089             1
  b: cor=0.9865  RMSE=0.4630

# Sim3: spatial b + spatial X

========== Full Bayes: sim3, n=400, p=4, M=20 ==========
  H: 400 x 77
  REML init: rho=0.1254 sigma2=0.2310 tau2=0.1476
  iter 1000/6000  rho=0.1763  sigma2=0.6940  tau2=0.1449  tau2_s=0.004,0.001,0.003,0.025
  iter 2000/6000  rho=0.1013  sigma2=0.1489  tau2=0.1545  tau2_s=0.012,0.003,0.002,0.004
  iter 3000/6000  rho=0.1405  sigma2=0.2285  tau2=0.1242  tau2_s=0.006,0.004,0.004,0.005
  iter 4000/6000  rho=0.0860  sigma2=0.1308  tau2=0.1458  tau2_s=0.008,0.002,0.002,0.005
  iter 5000/6000  rho=0.1147  sigma2=0.2020  tau2=0.1426  tau2_s=0.003,0.003,0.005,0.007
  iter 6000/6000  rho=0.0973  sigma2=0.1781  tau2=0.1543  tau2_s=0.009,0.014,0.001,0.015
  MH acceptance: sigma2=0.636  tau2=0.310  rho=0.642
  Done in 1189.8 seconds.
  sigma2: mean=0.3043  95%CI=[0.1515, 0.6455]  (true=0.8000)
  tau2:   mean=0.1452  95%CI=[0.1218, 0.1725]  (true=0.1500)
  rho:    mean=0.1438  95%CI=[0.0860, 0.2470]  (true=0.2000)
  tau2_s: X1=0.0094 X2=0.0043 X3=0.0036 X4=0.0104 
  Curve metrics:
  var rmse_curve band_coverage
1  X1    0.08155        0.9406
2  X2    0.07559        0.9604
3  X3    0.06712        1.0000
4  X4    0.06222        1.0000
  b: cor=0.9364  RMSE=0.2399

# Sim4: spatial confounding + garbage X5,X6

========== Full Bayes: sim4, n=400, p=6, M=20 ==========
  H: 400 x 115
  REML init: rho=0.1440 sigma2=0.5517 tau2=0.1557
  iter 1000/6000  rho=0.1971  sigma2=1.0290  tau2=0.1763  tau2_s=0.011,0.004,0.001,0.020,0.008,0.001
  iter 2000/6000  rho=0.1876  sigma2=0.6735  tau2=0.1474  tau2_s=0.008,0.005,0.017,0.003,0.003,0.003
  iter 3000/6000  rho=0.2467  sigma2=0.6913  tau2=0.1852  tau2_s=0.004,0.002,0.002,0.009,0.002,0.001
  iter 4000/6000  rho=0.1447  sigma2=0.6442  tau2=0.1577  tau2_s=0.010,0.002,0.013,0.013,0.001,0.001
  iter 5000/6000  rho=0.1426  sigma2=0.4806  tau2=0.1522  tau2_s=0.005,0.001,0.006,0.004,0.006,0.001
  iter 6000/6000  rho=0.1284  sigma2=0.4809  tau2=0.1691  tau2_s=0.026,0.002,0.003,0.005,0.002,0.001
  MH acceptance: sigma2=0.627  tau2=0.315  rho=0.567
  Done in 1293.9 seconds.
  sigma2: mean=0.5623  95%CI=[0.2574, 1.2154]  (true=0.8000)
  tau2:   mean=0.1542  95%CI=[0.1304, 0.1849]  (true=0.1500)
  rho:    mean=0.1460  95%CI=[0.0914, 0.2200]  (true=0.2000)
  tau2_s: X1=0.0099 X2=0.0032 X3=0.0045 X4=0.0073 X5=0.0027 X6=0.0031 
  Curve metrics:
  var rmse_curve band_coverage
1  X1    0.10673        0.8218
2  X2    0.05983        1.0000
3  X3    0.05385        1.0000
4  X4    0.05628        1.0000
5  X5    0.03857        1.0000
6  X6    0.04591        1.0000
  b: cor=0.9561  RMSE=0.3186


####################################################
# GRAND SUMMARY: Full Bayesian model
####################################################

--- sim1 ---
  var rmse_curve band_coverage
1  X1    0.05517        0.9010
2  X2    0.04685        1.0000
3  X3    0.02440        1.0000
4  X4    0.04571        0.9505
  sigma2=0.2962 (true=0.00)  tau2=0.1376 (true=0.15)  rho=1.8939 (true=0.20)
  MH accept: sigma2=0.780  tau2=0.280  rho=0.868

--- sim2 ---
  var rmse_curve band_coverage
1  X1    0.04213             1
2  X2    0.03741             1
3  X3    0.05612             1
4  X4    0.03089             1
  sigma2=0.6749 (true=0.80)  tau2=0.1631 (true=0.15)  rho=0.2184 (true=0.20)
  MH accept: sigma2=0.677  tau2=0.302  rho=0.622

--- sim3 ---
  var rmse_curve band_coverage
1  X1    0.08155        0.9406
2  X2    0.07559        0.9604
3  X3    0.06712        1.0000
4  X4    0.06222        1.0000
  sigma2=0.3043 (true=0.80)  tau2=0.1452 (true=0.15)  rho=0.1438 (true=0.20)
  MH accept: sigma2=0.636  tau2=0.310  rho=0.642

--- sim4 ---
  var rmse_curve band_coverage
1  X1    0.10673        0.8218
2  X2    0.05983        1.0000
3  X3    0.05385        1.0000
4  X4    0.05628        1.0000
5  X5    0.03857        1.0000
6  X6    0.04591        1.0000
  sigma2=0.5623 (true=0.80)  tau2=0.1542 (true=0.15)  rho=0.1460 (true=0.20)
  MH accept: sigma2=0.627  tau2=0.315  rho=0.567

--- Sim4: Smoothing variances ---
     X1      X2      X3      X4      X5      X6 
0.00986 0.00315 0.00446 0.00733 0.00267 0.00306 

Total time: Sim1=975s  Sim2=1083s  Sim3=1190s  Sim4=1294s

All plots in bayes_out/full_sim*.pdf
