
####################################################
# Multi-seed replication: Sim2 full Bayes
####################################################

========== Seed 42 (1/5) ==========
  iter 1000/6000  rho=0.1407  sigma2=0.4391  tau2=0.1706  tau2_s=0.005,0.001,0.001,0.004
  iter 2000/6000  rho=0.2172  sigma2=0.5946  tau2=0.1602  tau2_s=0.014,0.002,0.002,0.007
  iter 3000/6000  rho=0.2805  sigma2=1.1914  tau2=0.1419  tau2_s=0.004,0.003,0.001,0.009
  iter 4000/6000  rho=0.1548  sigma2=0.3537  tau2=0.1628  tau2_s=0.013,0.003,0.002,0.006
  iter 5000/6000  rho=0.1656  sigma2=0.5416  tau2=0.1447  tau2_s=0.008,0.003,0.003,0.005
  iter 6000/6000  rho=0.1431  sigma2=0.3825  tau2=0.1566  tau2_s=0.005,0.002,0.002,0.005
  MH acceptance: sigma2=0.677  tau2=0.302  rho=0.622
  sigma2=0.6749  tau2=0.1631  rho=0.2184  b_cor=0.9865  time=1048s
  var rmse_curve band_coverage
1  X1    0.04213             1
2  X2    0.03741             1
3  X3    0.05612             1
4  X4    0.03089             1

========== Seed 123 (2/5) ==========
  iter 1000/6000  rho=0.1351  sigma2=0.2704  tau2=0.1706  tau2_s=0.009,0.005,0.002,0.008
  iter 2000/6000  rho=0.2045  sigma2=0.2041  tau2=0.1761  tau2_s=0.015,0.001,0.005,0.007
  iter 3000/6000  rho=0.2572  sigma2=0.3121  tau2=0.1922  tau2_s=0.003,0.002,0.006,0.012
  iter 4000/6000  rho=0.1666  sigma2=0.2071  tau2=0.1692  tau2_s=0.004,0.004,0.002,0.002
  iter 5000/6000  rho=0.1631  sigma2=0.3037  tau2=0.1443  tau2_s=0.004,0.003,0.003,0.009
  iter 6000/6000  rho=0.2645  sigma2=0.4678  tau2=0.1673  tau2_s=0.007,0.002,0.004,0.006
  MH acceptance: sigma2=0.682  tau2=0.295  rho=0.700
  sigma2=0.2867  tau2=0.1679  rho=0.1880  b_cor=0.9216  time=1049s
  var rmse_curve band_coverage
1  X1    0.13421        0.4455
2  X2    0.02796        1.0000
3  X3    0.03167        1.0000
4  X4    0.04293        1.0000

========== Seed 456 (3/5) ==========
  iter 1000/6000  rho=0.1762  sigma2=0.5155  tau2=0.1651  tau2_s=0.004,0.003,0.002,0.008
  iter 2000/6000  rho=0.1383  sigma2=0.3743  tau2=0.1548  tau2_s=0.005,0.005,0.002,0.005
  iter 3000/6000  rho=0.1524  sigma2=0.6737  tau2=0.1306  tau2_s=0.007,0.001,0.003,0.010
  iter 4000/6000  rho=0.1378  sigma2=0.4191  tau2=0.1699  tau2_s=0.015,0.002,0.002,0.003
  iter 5000/6000  rho=0.1975  sigma2=0.5065  tau2=0.1656  tau2_s=0.022,0.003,0.003,0.003
  iter 6000/6000  rho=0.1321  sigma2=0.4486  tau2=0.1473  tau2_s=0.007,0.003,0.001,0.005
  MH acceptance: sigma2=0.629  tau2=0.304  rho=0.562
  sigma2=0.6844  tau2=0.1547  rho=0.1706  b_cor=0.9815  time=1047s
  var rmse_curve band_coverage
1  X1    0.10659        0.6040
2  X2    0.05145        1.0000
3  X3    0.06719        0.9901
4  X4    0.09802        0.9604

========== Seed 789 (4/5) ==========
  iter 1000/6000  rho=0.1565  sigma2=0.6228  tau2=0.1148  tau2_s=0.034,0.003,0.002,0.004
  iter 2000/6000  rho=0.1288  sigma2=0.3900  tau2=0.1051  tau2_s=0.010,0.004,0.003,0.004
  iter 3000/6000  rho=0.1462  sigma2=0.5060  tau2=0.1303  tau2_s=0.011,0.001,0.003,0.005
  iter 4000/6000  rho=0.1375  sigma2=0.2695  tau2=0.1283  tau2_s=0.005,0.004,0.001,0.010
  iter 5000/6000  rho=0.1967  sigma2=0.4956  tau2=0.1237  tau2_s=0.012,0.009,0.002,0.013
  iter 6000/6000  rho=0.1446  sigma2=0.3762  tau2=0.1110  tau2_s=0.012,0.002,0.001,0.029
  MH acceptance: sigma2=0.611  tau2=0.316  rho=0.553
  sigma2=0.4986  tau2=0.1247  rho=0.1635  b_cor=0.9698  time=1046s
  var rmse_curve band_coverage
1  X1    0.11910        0.4950
2  X2    0.04388        1.0000
3  X3    0.04233        1.0000
4  X4    0.07072        0.8614

========== Seed 2025 (5/5) ==========
  iter 1000/6000  rho=0.2149  sigma2=0.4222  tau2=0.1540  tau2_s=0.102,0.006,0.003,0.002
  iter 2000/6000  rho=0.3528  sigma2=1.1483  tau2=0.1387  tau2_s=0.003,0.001,0.002,0.016
  iter 3000/6000  rho=0.2963  sigma2=0.8582  tau2=0.1407  tau2_s=0.004,0.011,0.001,0.014
  iter 4000/6000  rho=0.2883  sigma2=0.7758  tau2=0.1344  tau2_s=0.005,0.002,0.001,0.008
  iter 5000/6000  rho=0.2828  sigma2=0.5041  tau2=0.1807  tau2_s=0.011,0.004,0.002,0.005
  iter 6000/6000  rho=0.2957  sigma2=0.4949  tau2=0.1615  tau2_s=0.004,0.005,0.003,0.003
  MH acceptance: sigma2=0.677  tau2=0.300  rho=0.601
  sigma2=0.8801  tau2=0.1491  rho=0.2960  b_cor=0.9925  time=1033s
  var rmse_curve band_coverage
1  X1    0.08608        0.8416
2  X2    0.04383        1.0000
3  X3    0.04595        1.0000
4  X4    0.05737        0.9505


####################################################
# Multi-seed Summary (Sim2, n=400, full Bayes)
####################################################

seed      sigma2      tau2       rho  cov_X1  cov_X2  cov_X3  cov_X4   b_cor
------------------------------------------------------------------------------------- 
42        0.6749    0.1631    0.2184   1.000   1.000   1.000   1.000   0.987
123       0.2867    0.1679    0.1880   0.446   1.000   1.000   1.000   0.922
456       0.6844    0.1547    0.1706   0.604   1.000   0.990   0.960   0.982
789       0.4986    0.1247    0.1635   0.495   1.000   1.000   0.861   0.970
2025      0.8801    0.1491    0.2960   0.842   1.000   1.000   0.950   0.993

True:     0.8000    0.1500    0.2000
Avg:      0.6049    0.1519    0.2073   0.677   1.000   0.998   0.954
