
####################################################
# Prior bundle: Default: IG(2,1), IG(2,0.3), IG(1,0.005)
####################################################
  iter 1000/6000  rho=0.1407  sigma2=0.4391  tau2=0.1706  tau2_s=0.005,0.001,0.001,0.004
  iter 2000/6000  rho=0.2172  sigma2=0.5946  tau2=0.1602  tau2_s=0.014,0.002,0.002,0.007
  iter 3000/6000  rho=0.2805  sigma2=1.1914  tau2=0.1419  tau2_s=0.004,0.003,0.001,0.009
  iter 4000/6000  rho=0.1548  sigma2=0.3537  tau2=0.1628  tau2_s=0.013,0.003,0.002,0.006
  iter 5000/6000  rho=0.1656  sigma2=0.5416  tau2=0.1447  tau2_s=0.008,0.003,0.003,0.005
  iter 6000/6000  rho=0.1431  sigma2=0.3825  tau2=0.1566  tau2_s=0.005,0.002,0.002,0.005
  MH acceptance: sigma2=0.677  tau2=0.302  rho=0.622

  sigma2=0.6749 [0.3239, 1.4986]  tau2=0.1631 [0.1387, 0.1927]  rho=0.2184 [0.1413, 0.3513]
  var rmse_curve band_coverage
1  X1    0.04213             1
2  X2    0.03741             1
3  X3    0.05612             1
4  X4    0.03089             1
  Time: 1045 seconds

####################################################
# Prior bundle: Informative: IG(3,2), IG(3,0.3), IG(2,0.01)
####################################################
  iter 1000/6000  rho=0.3220  sigma2=0.7524  tau2=0.1813  tau2_s=0.009,0.004,0.003,0.003
  iter 2000/6000  rho=0.2088  sigma2=0.6085  tau2=0.1530  tau2_s=0.006,0.002,0.005,0.013
  iter 3000/6000  rho=0.2084  sigma2=0.5159  tau2=0.1739  tau2_s=0.008,0.004,0.006,0.008
  iter 4000/6000  rho=0.2286  sigma2=0.4843  tau2=0.1497  tau2_s=0.007,0.003,0.007,0.005
  iter 5000/6000  rho=0.2570  sigma2=1.1937  tau2=0.1565  tau2_s=0.006,0.009,0.002,0.004
  iter 6000/6000  rho=0.1602  sigma2=0.8106  tau2=0.1492  tau2_s=0.005,0.003,0.003,0.011
  MH acceptance: sigma2=0.662  tau2=0.304  rho=0.610

  sigma2=0.7515 [0.3518, 1.6854]  tau2=0.1642 [0.1376, 0.1948]  rho=0.2286 [0.1480, 0.3487]
  var rmse_curve band_coverage
1  X1    0.04178             1
2  X2    0.03747             1
3  X3    0.05742             1
4  X4    0.03087             1
  Time: 1037 seconds

####################################################
# Prior bundle: Diffuse: IG(1,0.5), IG(1,0.1), IG(0.5,0.001)
####################################################
  iter 1000/6000  rho=0.2163  sigma2=1.2999  tau2=0.1504  tau2_s=0.006,0.001,0.001,0.004
  iter 2000/6000  rho=0.1645  sigma2=0.4810  tau2=0.1600  tau2_s=0.005,0.001,0.004,0.006
  iter 3000/6000  rho=0.1656  sigma2=0.4771  tau2=0.1414  tau2_s=0.015,0.000,0.001,0.003
  iter 4000/6000  rho=0.2279  sigma2=0.7838  tau2=0.1492  tau2_s=0.007,0.001,0.000,0.005
  iter 5000/6000  rho=0.2835  sigma2=0.7527  tau2=0.1557  tau2_s=0.003,0.002,0.002,0.007
  iter 6000/6000  rho=0.2782  sigma2=1.3885  tau2=0.1743  tau2_s=0.006,0.002,0.001,0.002
  MH acceptance: sigma2=0.680  tau2=0.305  rho=0.623

  sigma2=0.7435 [0.2989, 1.7785]  tau2=0.1643 [0.1403, 0.1917]  rho=0.2278 [0.1451, 0.3566]
  var rmse_curve band_coverage
1  X1    0.04134             1
2  X2    0.03516             1
3  X3    0.04930             1
4  X4    0.03018             1
  Time: 1034 seconds


####################################################
# Prior Sensitivity Summary (Sim2, n=400)
####################################################

Bundle             sigma2      tau2       rho  cov_X1  cov_X2  cov_X3  cov_X4
-------------------------------------------------------------------------------- 
default            0.6749    0.1631    0.2184   1.000   1.000   1.000   1.000
informative        0.7515    0.1642    0.2286   1.000   1.000   1.000   1.000
diffuse            0.7435    0.1643    0.2278   1.000   1.000   1.000   1.000

True values:       0.8000    0.1500    0.2000
