[Sim5] running n=400 ...
[Sim5] running n=1000 ...
        n seed M p_real p_garbage rhoX_true rho_true   rho_hat sigma2_true
400   400   42 6     10        10       0.1      0.2 0.1872651         0.8
1000 1000   42 6     10        10       0.1      0.2 0.1786652         0.8
     sigma2_hat tau2_true  tau2_hat cor_etab_true  rmse_eta   cor_eta     cor_b
400   0.6362973      0.15 0.1403844   -0.03590416 0.2613746 0.9830422 0.6765866
1000  0.7207618      0.15 0.1534625    0.03740641 0.4763766 0.9913100 0.7250668
     cor_eta_btrue
400     0.03765034
1000    0.05520287
[Sim5] plotting marginals for n=400 -> figs/marginal_sim5_n400.pdf
   var rmse_curve  cor_curve
1   X1 0.24256010  0.9943642
2   X2 0.08181533  0.9966253
3   X3 0.05382359  0.9767487
4   X4 0.03434283  0.9959826
5   X5 0.03984836  0.7746803
6   X6 0.06891769  0.9937759
7   X7 0.11101099  0.9964526
8   X8 0.11700332 -0.1083399
9   X9 0.09464295  0.9938559
10 X10 0.08340173 -0.4384820
11 X11 0.05615289         NA
12 X12 0.02759833         NA
13 X13 0.03672804         NA
14 X14 0.07420265         NA
15 X15 0.04689483         NA
16 X16 0.02992387         NA
17 X17 0.06641908         NA
18 X18 0.03082226         NA
19 X19 0.08684256         NA
20 X20 0.06518979         NA
[Sim5] plotting marginals for n=1000 -> figs/marginal_sim5_n1000.pdf
   var rmse_curve   cor_curve
1   X1 0.23861295  0.99650582
2   X2 0.04560212  0.99683331
3   X3 0.03108080  0.99800524
4   X4 0.05423110  0.99186446
5   X5 0.07111226 -0.07612268
6   X6 0.08563524  0.99859587
7   X7 0.11521316  0.99856252
8   X8 0.06137621  0.75608959
9   X9 0.08083723  0.99645476
10 X10 0.07457860  0.47789359
11 X11 0.03391937          NA
12 X12 0.01740573          NA
13 X13 0.01479786          NA
14 X14 0.02800599          NA
15 X15 0.01948083          NA
16 X16 0.02525612          NA
17 X17 0.03363953          NA
18 X18 0.03249409          NA
19 X19 0.01823028          NA
20 X20 0.02215499          NA

=== ALL DONE ===
